[2026-03-19 17:58:47] === Starting Kafka Failure Simulation ===

[2026-03-19 17:58:47] === Scenario 1: Single Follower Crash ===
[2026-03-19 17:58:47] Stopping container kafka-3...
[2026-03-19 17:58:47] kafka-3 stopped
[2026-03-19 17:58:47] Waiting 30 seconds while follower is down...
[2026-03-19 17:59:17] Starting container kafka-3...
[2026-03-19 17:59:17] kafka-3 started
[2026-03-19 17:59:17] Scenario 1 complete

[2026-03-19 17:59:17] === Scenario 2: Leader Crash ===
[2026-03-19 17:59:18] Leader for partition 0 is kafka-1
[2026-03-19 17:59:18] Stopping container kafka-1...
[2026-03-19 17:59:19] kafka-1 stopped
[2026-03-19 17:59:19] Waiting 30 seconds for leader election...
[2026-03-19 17:59:49] Starting container kafka-1...
[2026-03-19 17:59:50] kafka-1 started
[2026-03-19 17:59:50] Scenario 2 complete

[2026-03-19 17:59:50] === Scenario 3: Two Brokers Down ===
[2026-03-19 17:59:50] Stopping container kafka-2...
[2026-03-19 17:59:51] kafka-2 stopped
[2026-03-19 17:59:51] Stopping container kafka-3...
[2026-03-19 17:59:52] kafka-3 stopped
[2026-03-19 17:59:52] Waiting 30 seconds while 2 brokers are down...
[2026-03-19 18:00:22] Starting container kafka-2...
[2026-03-19 18:00:22] kafka-2 started
[2026-03-19 18:00:22] Waiting 30 seconds for writes to resume...
[2026-03-19 18:00:52] Starting container kafka-3...
[2026-03-19 18:00:52] kafka-3 started
[2026-03-19 18:00:52] Scenario 3 complete

[2026-03-19 18:00:52] === Scenario 4: Consumer Hard Kill ===
[2026-03-19 18:00:52] Killing consumer PID 26661
[2026-03-19 18:00:53] Waiting 30 seconds for rebalance...
[2026-03-19 18:01:23] Scenario 4 complete

[2026-03-19 18:01:23] === Scenario 5: Rolling Broker Restart ===
[2026-03-19 18:01:23] Restarting container kafka-1...
[2026-03-19 18:01:24] kafka-1 restarted
[2026-03-19 18:01:24] Waiting 30 seconds after restarting kafka-1...
[2026-03-19 18:01:54] Restarting container kafka-2...
[2026-03-19 18:01:55] kafka-2 restarted
[2026-03-19 18:01:55] Waiting 30 seconds after restarting kafka-2...
[2026-03-19 18:02:25] Restarting container kafka-3...
[2026-03-19 18:02:25] kafka-3 restarted
[2026-03-19 18:02:25] Waiting 30 seconds after restarting kafka-3...
[2026-03-19 18:02:55] Scenario 5 complete

[2026-03-19 18:02:55] === Kafka Failure Simulation Completed ===
